{
  "RSpec": {
    "coverage": {
      "/opt/app/app/models/book_client.rb": {
        "lines": [
          1,
          1,
          1,
          null
        ]
      },
      "/opt/app/app/models/book.rb": {
        "lines": [
          1,
          1,
          1,
          null
        ]
      },
      "/opt/app/app/controllers/home_controller.rb": {
        "lines": [
          1,
          1,
          null
        ]
      },
      "/opt/app/app/controllers/application_controller.rb": {
        "lines": [
          1,
          null
        ]
      },
      "/opt/app/app/controllers/books_controller.rb": {
        "lines": [
          1,
          1,
          2,
          null,
          null,
          1,
          1,
          1,
          null,
          null
        ]
      },
      "/opt/app/app/controllers/clients/books_controller.rb": {
        "lines": [
          1,
          1,
          2,
          2,
          2,
          null,
          null
        ]
      },
      "/opt/app/app/controllers/purchases_controller.rb": {
        "lines": [
          1,
          1,
          1,
          1,
          1,
          1,
          1,
          null,
          null
        ]
      },
      "/opt/app/app/models/purchase.rb": {
        "lines": [
          1,
          1,
          1,
          1,
          1,
          null,
          1,
          null,
          null,
          1,
          null,
          null
        ]
      },
      "/opt/app/app/models/client.rb": {
        "lines": [
          0,
          null,
          null,
          0,
          0,
          null,
          0,
          0,
          0
        ],
        "branches": {
        }
      }
    },
    "timestamp": 1638909667
  }
}
