{
  "RSpec": {
    "coverage": {
      "/opt/app/app/models/book.rb": {
        "lines": [
          1,
          null
        ]
      },
      "/opt/app/app/models/application_record.rb": {
        "lines": [
          1,
          1,
          null
        ]
      },
      "/opt/app/app/controllers/pages_controller.rb": {
        "lines": [
          1,
          1,
          null,
          null
        ]
      },
      "/opt/app/app/controllers/application_controller.rb": {
        "lines": [
          1,
          null
        ]
      },
      "/opt/app/app/controllers/books_controller.rb": {
        "lines": [
          1,
          1,
          1,
          null,
          null
        ]
      },
      "/opt/app/app/channels/application_cable/channel.rb": {
        "lines": [
          0,
          0,
          0,
          0
        ],
        "branches": {
        }
      },
      "/opt/app/app/channels/application_cable/connection.rb": {
        "lines": [
          0,
          0,
          0,
          0
        ],
        "branches": {
        }
      },
      "/opt/app/app/helpers/application_helper.rb": {
        "lines": [
          0,
          0
        ],
        "branches": {
        }
      }
    },
    "timestamp": 1638499764
  }
}
